2017-03-18 01:08:33,296 - clonegod.app - INFO - app start run
2017-03-18 01:08:33,296 - clonegod.person - INFO - name=alice,age=20,country=中国
2017-03-18 01:08:33,299 - clonegod.app - INFO - app execute over
2017-03-18 01:25:06,773 - clonegod.app - INFO - app start run
2017-03-18 01:25:06,775 - clonegod.person - INFO - name=alice,age=20,country=中国
2017-03-18 01:25:06,779 - clonegod.person - ERROR - Failed to open file
Traceback (most recent call last):
  File "clonegod\person.py", line 19, in tryError
    open('/path/to/does/not/exist', 'rb')
IOError: [Errno 2] No such file or directory: '/path/to/does/not/exist'
2017-03-18 01:25:06,780 - clonegod.app - INFO - app execute over
2017-03-18 02:02:07,596 - clonegod.app - INFO - app start run
2017-03-18 02:02:07,596 - clonegod.person - INFO - name=alice,age=20,country=中国
2017-03-18 02:02:07,598 - clonegod.person - ERROR - Failed to open file
Traceback (most recent call last):
  File "clonegod\person.py", line 19, in tryError
    open('/path/to/does/not/exist', 'rb')
IOError: [Errno 2] No such file or directory: '/path/to/does/not/exist'
2017-03-18 02:02:07,663 - clonegod.app - INFO - app execute over
2017-03-18 02:09:22,568 - clonegod.app - INFO - app start run
2017-03-18 02:09:22,569 - clonegod.person - INFO - name=alice,age=20,country=中国
2017-03-18 02:09:22,571 - clonegod.person - ERROR - Failed to open file
Traceback (most recent call last):
  File "clonegod\person.py", line 19, in tryError
    open('/path/to/does/not/exist', 'rb')
IOError: [Errno 2] No such file or directory: '/path/to/does/not/exist'
2017-03-18 02:09:22,572 - clonegod.app - INFO - app execute over
2017-03-18 02:28:17,447 - clonegod.app - INFO - app start run
2017-03-18 02:28:17,447 - clonegod.person - INFO - name=alice,age=20,country=中国
2017-03-18 02:28:17,448 - clonegod.person - ERROR - Failed to open file
Traceback (most recent call last):
  File "clonegod\person.py", line 19, in tryError
    open('/path/to/does/not/exist', 'rb')
IOError: [Errno 2] No such file or directory: '/path/to/does/not/exist'
2017-03-18 02:28:17,450 - clonegod.app - INFO - app execute over
