#
# There is insufficient memory for the Java Runtime Environment to continue.
# Native memory allocation (malloc) failed to allocate 37376 bytes for Chunk::new
# Possible reasons:
#   The system is out of physical RAM or swap space
#   In 32 bit mode, the process size limit was hit
# Possible solutions:
#   Reduce memory load on the system
#   Increase physical memory or swap space
#   Check if swap backing store is full
#   Use 64 bit Java on a 64 bit OS
#   Decrease Java heap size (-Xmx/-Xms)
#   Decrease number of Java threads
#   Decrease Java thread stack sizes (-Xss)
#   Set larger code cache with -XX:ReservedCodeCacheSize=
# This output file may be truncated or incomplete.
#
#  Out of Memory Error (allocation.cpp:390), pid=7540, tid=4520
#
# JRE version: Java(TM) SE Runtime Environment (8.0_91-b14) (build 1.8.0_91-b14)
# Java VM: Java HotSpot(TM) 64-Bit Server VM (25.91-b14 mixed mode windows-amd64 compressed oops)
# Failed to write core dump. Minidumps are not enabled by default on client versions of Windows
#

---------------  T H R E A D  ---------------

Current thread (0x0000000056331800):  JavaThread "C2 CompilerThread1" daemon [_thread_in_native, id=4520, stack(0x0000000056ae0000,0x0000000056be0000)]

Stack: [0x0000000056ae0000,0x0000000056be0000]
[error occurred during error reporting (printing stack bounds), id 0xc0000005]

Native frames: (J=compiled Java code, j=interpreted, Vv=VM code, C=native code)


Current CompileTask:
C2:   3904  198  s!   4       sun.misc.URLClassPath::getLoader (197 bytes)


---------------  P R O C E S S  ---------------

Java Threads: ( => current thread )
  0x00000000563ba000 JavaThread "Service Thread" daemon [_thread_blocked, id=7788, stack(0x0000000056f50000,0x0000000057050000)]
  0x0000000056333000 JavaThread "C1 CompilerThread2" daemon [_thread_in_native, id=6732, stack(0x0000000056d40000,0x0000000056e40000)]
=>0x0000000056331800 JavaThread "C2 CompilerThread1" daemon [_thread_in_native, id=4520, stack(0x0000000056ae0000,0x0000000056be0000)]
  0x00000000550ae800 JavaThread "C2 CompilerThread0" daemon [_thread_blocked, id=5924, stack(0x00000000569c0000,0x0000000056ac0000)]
  0x00000000550ad800 JavaThread "Attach Listener" daemon [_thread_blocked, id=4612, stack(0x00000000560a0000,0x00000000561a0000)]
  0x000000005631a800 JavaThread "Signal Dispatcher" daemon [_thread_blocked, id=3796, stack(0x0000000056840000,0x0000000056940000)]
  0x000000005508a800 JavaThread "Finalizer" daemon [_thread_blocked, id=5880, stack(0x0000000011eb0000,0x0000000011fb0000)]
  0x0000000055043800 JavaThread "Reference Handler" daemon [_thread_blocked, id=6032, stack(0x0000000056210000,0x0000000056310000)]
  0x0000000002538000 JavaThread "main" [_thread_in_native, id=7700, stack(0x00000000027f0000,0x00000000028f0000)]

Other Threads:
  0x000000005503c000 VMThread [stack: 0x0000000055fa0000,0x00000000560a0000] [id=2748]
  0x00000000563d0800 WatcherThread [stack: 0x00000000570c0000,0x00000000571c0000] [id=6832]

VM state:not at safepoint (normal execution)

VM Mutex/Monitor currently owned by a thread: None

Heap:
 PSYoungGen      total 18944K, used 655K [0x00000000eb200000, 0x00000000ec700000, 0x0000000100000000)
  eden space 16384K, 4% used [0x00000000eb200000,0x00000000eb2a3e08,0x00000000ec200000)
  from space 2560K, 0% used [0x00000000ec200000,0x00000000ec200000,0x00000000ec480000)
  to   space 2560K, 0% used [0x00000000ec480000,0x00000000ec480000,0x00000000ec700000)
 ParOldGen       total 18432K, used 1621K [0x00000000c1600000, 0x00000000c2800000, 0x00000000eb200000)
  object space 18432K, 8% used [0x00000000c1600000,0x00000000c1795648,0x00000000c2800000)
 Metaspace       used 4184K, capacity 5428K, committed 5632K, reserved 1058816K
  class space    used 438K, capacity 488K, committed 512K, reserved 1048576K

Card table byte_map: [0x0000000011cb0000,0x0000000011eb0000] byte_map_base: 0x00000000116a5000

Marking Bits: (ParMarkBitMap*) 0x0000000071042f70
 Begin Bits: [0x0000000012560000, 0x0000000013508000)
 End Bits:   [0x0000000013508000, 0x00000000144b0000)

Polling page: 0x0000000000120000

CodeCache: size=245760Kb used=1464Kb max_used=1478Kb free=244295Kb
 bounds [0x00000000028f0000, 0x0000000002b60000, 0x00000000118f0000]
 total_blobs=449 nmethods=201 adapters=161
 compilation: enabled

Compilation events (10 events):
Event: 3.810 Thread 0x0000000056333000 nmethod 193 0x0000000002a53b90 code [0x0000000002a53d20, 0x0000000002a541a8]
Event: 3.810 Thread 0x0000000056333000  194       3       java.util.BitSet::get (69 bytes)
Event: 3.811 Thread 0x0000000056333000 nmethod 194 0x0000000002a54310 code [0x0000000002a54500, 0x0000000002a54e68]
Event: 3.813 Thread 0x0000000056333000  195   !   3       java.lang.ClassLoader::loadClass (122 bytes)
Event: 3.815 Thread 0x0000000056333000 nmethod 195 0x0000000002a55310 code [0x0000000002a55680, 0x0000000002a57958]
Event: 3.815 Thread 0x0000000056333000  196       3       java.lang.ClassLoader::getClassLoadingLock (35 bytes)
Event: 3.816 Thread 0x0000000056333000 nmethod 196 0x0000000002a59150 code [0x0000000002a592e0, 0x0000000002a596a8]
Event: 3.816 Thread 0x0000000056333000  197       3       java.lang.ClassLoader::findLoadedClass (16 bytes)
Event: 3.816 Thread 0x0000000056333000 nmethod 197 0x0000000002a59810 code [0x0000000002a59980, 0x0000000002a59bb8]
Event: 3.828 Thread 0x0000000056331800  198  s!   4       sun.misc.URLClassPath::getLoader (197 bytes)

GC Heap History (0 events):
No events

Deoptimization events (0 events):
No events

Internal exceptions (2 events):
Event: 0.166 Thread 0x0000000002538000 Exception <a 'java/lang/NoSuchMethodError': Method sun.misc.Unsafe.defineClass(Ljava/lang/String;[BII)Ljava/lang/Class; name or signature does not match> (0x00000000eb207cc0) thrown at [C:\re\workspace\8-2-build-windows-amd64-cygwin\jdk8u91\6644\hotspot\sr@z<só1Å?
Event: 0.166 Thread 0x0000000002538000 Exception <a 'java/lang/NoSuchMethodError': Method sun.misc.Unsafe.prefetchRead(Ljava/lang/Object;J)V name or signature does not match> (0x00000000eb207fa8) thrown at [C:\re\workspace\8-2-build-windows-amd64-cygwin\jdk8u91\6644\hotspot\src\share\vm\prims\j

Events (10 events):
Event: 3.825 loading class org/codehaus/jackson/JsonParser$Feature
Event: 3.825 loading class org/codehaus/jackson/JsonParser$Feature done
Event: 3.826 loading class org/codehaus/jackson/JsonGenerator$Feature
Event: 3.826 loading class org/codehaus/jackson/JsonGenerator$Feature done
Event: 3.826 loading class org/codehaus/jackson/sym/CharsToNameCanonicalizer
Event: 3.826 loading class org/codehaus/jackson/sym/CharsToNameCanonicalizer done
Event: 3.828 loading class org/codehaus/jackson/sym/CharsToNameCanonicalizer$Bucket
Event: 3.828 loading class org/codehaus/jackson/sym/CharsToNameCanonicalizer$Bucket done
Event: 3.828 loading class org/codehaus/jackson/sym/BytesToNameCanonicalizer
Event: 3.828 loading class org/codehaus/jackson/sym/BytesToNameCanonicalizer done


Dynamic libraries:
0x000000013f330000 - 0x000000013f367000 	C:\Java\jdk1.8.0_91\bin\javaw.exe
0x0000000077220000 - 0x00000000773c9000 	C:\Windows\SYSTEM32\ntdll.dll
0x0000000077100000 - 0x000000007721f000 	C:\Windows\system32\kernel32.dll
0x000007fefd8e0000 - 0x000007fefd94b000 	C:\Windows\system32\KERNELBASE.dll
0x000007feff450000 - 0x000007feff52b000 	C:\Windows\system32\ADVAPI32.dll
0x000007fefe7e0000 - 0x000007fefe87f000 	C:\Windows\system32\msvcrt.dll
0x000007fefed40000 - 0x000007fefed5f000 	C:\Windows\SYSTEM32\sechost.dll
0x000007fefe9d0000 - 0x000007fefeafd000 	C:\Windows\system32\RPCRT4.dll
0x0000000076eb0000 - 0x0000000076faa000 	C:\Windows\system32\USER32.dll
0x000007fefed60000 - 0x000007fefedc7000 	C:\Windows\system32\GDI32.dll
0x000007fefec20000 - 0x000007fefec2e000 	C:\Windows\system32\LPK.dll
0x000007fefe900000 - 0x000007fefe9c9000 	C:\Windows\system32\USP10.dll
0x000007fefbf90000 - 0x000007fefc184000 	C:\Windows\WinSxS\amd64_microsoft.windows.common-controls_6595b64144ccf1df_6.0.7601.17514_none_fa396087175ac9ac\COMCTL32.dll
0x000007fefeb00000 - 0x000007fefeb71000 	C:\Windows\system32\SHLWAPI.dll
0x000007fefe8d0000 - 0x000007fefe8fe000 	C:\Windows\system32\IMM32.DLL
0x000007feff160000 - 0x000007feff269000 	C:\Windows\system32\MSCTF.dll
0x0000000071190000 - 0x0000000071262000 	C:\Java\jdk1.8.0_91\jre\bin\msvcr100.dll
0x0000000070830000 - 0x00000000710c3000 	C:\Java\jdk1.8.0_91\jre\bin\server\jvm.dll
0x000007fefa130000 - 0x000007fefa139000 	C:\Windows\system32\WSOCK32.dll
0x000007fefe880000 - 0x000007fefe8cd000 	C:\Windows\system32\WS2_32.dll
0x000007fefec90000 - 0x000007fefec98000 	C:\Windows\system32\NSI.dll
0x000007fefb500000 - 0x000007fefb53b000 	C:\Windows\system32\WINMM.dll
0x000007fefc770000 - 0x000007fefc77c000 	C:\Windows\system32\VERSION.dll
0x00000000773f0000 - 0x00000000773f7000 	C:\Windows\system32\PSAPI.DLL
0x00000000713c0000 - 0x00000000713cf000 	C:\Java\jdk1.8.0_91\jre\bin\verify.dll
0x0000000070800000 - 0x0000000070829000 	C:\Java\jdk1.8.0_91\jre\bin\java.dll
0x00000000707e0000 - 0x00000000707f6000 	C:\Java\jdk1.8.0_91\jre\bin\zip.dll
0x000007fefda50000 - 0x000007fefe7d8000 	C:\Windows\system32\SHELL32.dll
0x000007fefef50000 - 0x000007feff153000 	C:\Windows\system32\ole32.dll
0x000007fefd680000 - 0x000007fefd68f000 	C:\Windows\system32\profapi.dll

VM Arguments:
jvm_args: -Dfile.encoding=UTF-8 
java_command: clonegod.serialize12.performanceTest.SerPerformanceTest
java_class_path (initial): C:\Java\jdk1.8.0_91\jre\lib\resources.jar;C:\Java\jdk1.8.0_91\jre\lib\rt.jar;C:\Java\jdk1.8.0_91\jre\lib\jsse.jar;C:\Java\jdk1.8.0_91\jre\lib\jce.jar;C:\Java\jdk1.8.0_91\jre\lib\charsets.jar;C:\Java\jdk1.8.0_91\jre\lib\jfr.jar;C:\Java\jdk1.8.0_91\jre\lib\ext\access-bridge-64.jar;C:\Java\jdk1.8.0_91\jre\lib\ext\cldrdata.jar;C:\Java\jdk1.8.0_91\jre\lib\ext\dnsns.jar;C:\Java\jdk1.8.0_91\jre\lib\ext\jaccess.jar;C:\Java\jdk1.8.0_91\jre\lib\ext\jfxrt.jar;C:\Java\jdk1.8.0_91\jre\lib\ext\localedata.jar;C:\Java\jdk1.8.0_91\jre\lib\ext\nashorn.jar;C:\Java\jdk1.8.0_91\jre\lib\ext\sunec.jar;C:\Java\jdk1.8.0_91\jre\lib\ext\sunjce_provider.jar;C:\Java\jdk1.8.0_91\jre\lib\ext\sunmscapi.jar;C:\Java\jdk1.8.0_91\jre\lib\ext\sunpkcs11.jar;C:\Java\jdk1.8.0_91\jre\lib\ext\zipfs.jar;E:\technology\3-java ·Ö²¼Ê½\2-·Ö²¼Ê½Í¨ÐÅ¿ò¼Ü\rmi\serialize_object\target\classes;E:\repos\maven\com\thoughtworks\xstream\xstream\1.4.10\xstream-1.4.10.jar;E:\repos\maven\xmlpull\xmlpull\1.1.3.1\xmlpull-1.1.3.1.jar;E:\repos\maven\xpp3\xpp3_min\1.1.4c\xpp3_min-1.1.4c.jar;E:\repos\maven\com\google\code\gson\gson\2.8.2\gson-2.8.2.jar;E:\repos\maven\com\fasterxml\jackson\core\jackson-core\2.8.10\jackson-core-2.8.10.jar;E:\repos\maven\com\fasterxml\jackson\core\jackson-databind\2.8.10\jackson-databind-2.8.10.jar;E:\repos\maven\com\fasterxml\jackson\core\jackson-annotations\2.8.10\jackson-annotations-2.8.10.jar;E:\repos\maven\com\alibaba\fastjson\1.2.44\fastjson-1.2.44.jar;E:\repos\maven\com\baidu\jprotobuf\2.1.5\jprotobuf-2.1.5.jar;E:\repos\maven\com\google\protobuf\protobuf-java\3.0.2\protobuf-java-3.0.2.jar;E:\repos\maven\javassist\javassist\3.12.1.GA\javassist-3.12.1.GA.jar;E:\repos\maven\com\google\auto\value\auto-value\1.0-rc2\auto-value-1.0-rc2.jar;E:\repos\maven\com\google\auto\auto-common\0.3\auto-common-0.3.jar;E:\repos\maven\com\google\auto\service\auto-service\1.0-rc2\auto-service-1.0-rc2.jar;E:\repos\maven\com\google\guava\guava\17.0\guava-17.0.jar;E:\repos\maven\org\ow2\asm
Launcher Type: SUN_STANDARD

Environment Variables:
JAVA_HOME=C:\Java\jdk1.8.0_91
PATH=C:/Java/jdk1.8.0_91/bin/../jre/bin/server;C:/Java/jdk1.8.0_91/bin/../jre/bin;C:/Java/jdk1.8.0_91/bin/../jre/lib/amd64;C:\Ruby24-x64\bin;C:\Java\jdk1.8.0_91\bin;E:\local\apache-maven-3.5.3\bin;E:\local\nexus-2.12.1-01\bin;C:\Program Files (x86)\AMD APP\bin\x86_64;C:\Program Files (x86)\AMD APP\bin\x86;C:\Program Files\Broadcom\Broadcom 802.11 Network Adapter\Driver;C:\Windows\system32;C:\Windows;C:\Windows\System32\Wbem;C:\Windows\System32\WindowsPowerShell\v1.0\;C:\Program Files\Intel\WiFi\bin\;C:\Program Files\Common Files\Intel\WirelessCommon\;C:\Program Files (x86)\ATI Technologies\ATI.ACE\Core-Static;D:\install\mysql\bin;D:\Program Files\nodejs\;E:\local\mongodb-win\bin;E:\local\groovy-2.4.14\bin;;d:\Program Files (x86)\Microsoft VS Code\bin;C:\Users\Administrator\AppData\Roaming\npm;C:\Users\Administrator\AppData\Local\Programs\Fiddler;E:\soft\ide\spring-tool-suite-3.9.4.RELEASE-e4.7.3a-win32-x86_64\sts-bundle\sts-3.9.4.RELEASE;
USERNAME=Administrator
OS=Windows_NT
PROCESSOR_IDENTIFIER=Intel64 Family 6 Model 42 Stepping 7, GenuineIntel



---------------  S Y S T E M  ---------------

OS: Windows 7 , 64 bit Build 7601 (6.1.7601.18229)

CPU:total 4 (2 cores per cpu, 2 threads per core) family 6 model 42 stepping 7, cmov, cx8, fxsr, mmx, sse, sse2, sse3, ssse3, sse4.1, sse4.2, popcnt, avx, clmul, ht, tsc, tscinvbit

Memory: 4k page, physical 4103408k(581688k free), swap 16411772k(27632k free)

vm_info: Java HotSpot(TM) 64-Bit Server VM (25.91-b14) for windows-amd64 JRE (1.8.0_91-b14), built on Apr  1 2016 00:58:32 by "java_re" with MS VC++ 10.0 (VS2010)

time: Thu Oct 04 01:11:18 2018
elapsed time: 3 seconds (0d 0h 0m 3s)

